[RUN #0 5 20]
276 -279 -171 835 158
934 -367 390 -491 -158
-44 -637 615 82 119
-793 -748 -169 -239 -206
-123 308 626 53 138
45 -143 -896 -972 -995
-110 -183 -62 833 721
206 -451 -523 654 423
451 595 894 -124 585
-106 -717 628 -196 633
-464 872 408 -111 381
-113 -947 919 740 400
958 -689 475 242 -394
86 -722 -280 -820 603
-124 -993 327 -432 930
-27 278 177 67 -168
636 -427 49 -650 -262
-853 -208 66 867 -306
183 -803 187 146 966
-222 97 985 -621 -41
[RUN #1 5 30]
-923 364 381 -822 -591
-89 -20 -567 -238 75
-889 -338 646 -651 -540
-975 -777 236 -89 30
-854 -109 -341 -801 523
575 840 717 -472 36
255 -294 -925 -628 -995
-649 825 -394 -960 992
-48 -960 365 960 -171
560 -423 -962 156 804
249 -887 -348 -610 -822
167 -38 -993 -406 -722
-72 -361 591 149 -224
-176 559 -757 165 76
-126 -288 278 -399 -816
-306 -791 -120 -192 516
329 892 -842 -514 105
-469 -321 402 313 580
-33 -952 717 720 -254
-308 395 -891 -257 -942
549 254 -239 -75 502
400 176 6 -936 -309
-877 -658 -256 -130 881
497 511 -246 960 291
509 -816 214 -635 522
-174 -797 -212 -682 953
-705 167 450 -69 -261
889 -992 952 433 761
-595 -350 577 -858 314
-774 -987 585 -40 -590
[RUN #2 5 100]
373 273 206 116 757
-662 901 -318 343 188
659 -998 454 928 -326
854 -377 47 847 -916
-514 -18 539 -852 850
238 -653 -665 21 722
-610 -707 -959 899 -70
135 -745 -382 -836 -980
-400 -648 277 763 383
-334 784 -836 -171 -442
939 772 -836 522 -755
-26 -886 -514 -981 -315
-284 -455 -352 -78 50
-145 732 -632 -637 -450
944 -477 -670 600 67
825 -366 49 127 -573
-93 285 -813 -955 130
971 625 -703 395 457
-876 -668 468 -705 83
976 409 -256 988 18
-447 -681 668 -377 -641
790 -649 757 -505 -498
629 -297 689 -414 -867
228 886 194 682 1
625 108 -546 -527 -260
984 959 288 -661 428
-394 133 -31 -783 789
918 -380 -873 -333 -839
-841 -206 -625 -284 -18
787 -246 607 389 551
129 -609 149 832 -586
468 -906 -174 -47 -563
112 -481 771 93 490
-617 -839 977 -292 632
846 -714 -35 -318 757
167 283 939 -77 127
321 250 169 -876 909
619 -112 787 662 -969
202 -389 -358 -420 606
-956 -453 -893 -371 554
239 -628 -880 693 -842
-291 -460 759 -184 198
747 525 103 378 400
-51 215 -287 635 861
645 403 764 809 405
-391 964 -467 -83 145
-937 -779 -370 -974 549
795 -689 346 257 334
-597 861 343 71 222
304 950 864 -340 191
-949 952 234 -767 -639
-144 -154 965 533 399
-132 971 57 227 774
653 317 779 388 -856
-994 -763 -360 -376 656
65 978 -995 -940 482
505 923 -8 674 255
487 435 -418 -579 -306
-274 -922 558 178 761
-916 478 -886 -88 628
-315 -76 560 -633 -551
-982 996 763 -344 -929
-499 -424 606 -919 -862
131 -330 -705 848 -399
198 835 746 -770 -371
136 995 -958 -435 -230
581 -617 -608 -652 -823
486 -727 -167 -78 -678
881 477 -968 -172 208
-227 638 46 -560 569
27 687 783 925 -720
-104 608 966 389 -561
407 -423 -98 2 -771
255 793 -475 -207 -389
-561 -896 537 -886 411
-351 -905 250 21 -230
-399 -908 -571 45 -819
-12 -709 -852 -600 -773
-346 77 -925 56 559
-824 -318 -399 -813 702
-73 843 -725 517 343
270 -475 460 -920 -508
-289 -243 -606 112 -84
436 -275 -901 509 -928
-363 -733 -276 993 367
668 71 -362 817 744
-874 872 -103 -518 783
-184 619 -34 -792 -50
-334 386 -157 627 479
151 428 -676 515 666
-480 92 747 -479 -911
181 -360 50 611 753
621 542 183 256 -268
-95 -737 798 759 134
-96 -594 -681 -219 -705
-304 898 -178 766 -83
267 -213 151 -87 969
-368 -562 -544 -466 625
-371 -990 718 -311 -927
-92 880 848 -315 943
[RUN #3 5 200]
582 751 -382 895 265
-963 96 -725 173 898
-494 25 -713 -547 -602
959 -963 -406 -216 -287
350 -920 -406 383 -784
-426 847 -127 655 -346
429 257 -171 969 249
115 724 527 469 -779
-681 214 345 -837 -25
-563 -901 -672 -752 954
277 -443 -276 -240 -362
-657 -45 -363 -450 -182
-629 80 471 618 -660
-136 -362 497 -291 359
468 820 513 253 -836
785 443 -773 -90 -505
-842 -125 417 216 692
980 994 31 -729 398
801 -779 -451 -650 180
-678 -107 -278 263 947
144 128 -58 18 927
428 -251 -759 165 862
175 -437 165 -881 443
583 903 -310 393 -836
590 928 655 -686 -252
78 53 993 139 543
-783 839 391 51 597
-786 -158 -782 641 353
-451 -115 552 -616 347
61 -648 759 -214 95
709 -277 451 -15 -545
83 68 937 461 -563
-431 -368 239 672 442
820 709 -742 673 -609
-878 -862 -550 298 914
-592 -420 -906 -690 -240
-205 704 -373 -474 -340
-790 -276 677 189 -87
-558 -60 -257 331 520
974 -125 -173 346 87
-850 46 -179 -721 880
-647 679 962 -269 -960
19 780 -758 713 -977
421 744 -427 882 -370
719 430 -785 -633 -126
848 -680 -653 -63 -491
889 -206 308 -999 966
694 -606 6 721 698
742 591 -838 -878 492
37 450 239 -880 -578
-2 -418 -122 -404 -823
-330 -294 827 -315 487
972 -116 -189 -510 873
-7 -15 157 -925 912
917 601 727 454 -115
973 990 -929 394 -751
363 587 -645 460 -327
-394 901 -196 -884 -554
646 -591 206 191 -966
-128 -722 741 -274 -622
96 -316 -406 148 -885
-327 611 5 -728 -908
-651 692 -799 -973 -616
369 -788 267 153 835
-271 -544 108 210 229
782 -510 -772 -296 350
755 505 -835 609 -834
-986 -253 697 553 -88
302 620 431 -67 332
408 498 -133 -531 -535
294 732 -311 287 668
-558 532 -379 -76 809
424 -165 -687 438 326
516 175 -846 681 -89
230 -644 450 -390 -947
-533 632 652 -814 -242
469 574 -696 -938 -479
-779 250 553 962 -634
698 -767 980 340 -446
968 -296 -366 -281 504
-778 -426 515 -549 517
25 178 -77 396 -389
677 -212 -427 441 167
-502 716 943 903 -273
112 -338 864 661 -62
-413 789 531 463 524
-859 790 460 809 -346
756 -582 -644 20 -922
552 -353 600 -515 969
-706 231 -746 -634 888
274 -933 -772 290 865
-90 -835 1 -95 -37
-131 646 501 455 222
-753 -458 795 421 36
973 -370 -305 -634 915
-587 -477 867 -404 -298
-882 -694 208 962 811
810 -26 -90 -640 563
-342 -446 -824 841 -462
954 -917 -182 953 -445
670 -499 -250 -247 -511
-340 -938 -17 895 525
176 -781 803 504 -273
-98 53 142 345 -425
353 -755 -987 -494 -486
-13 654 -304 -717 -594
445 -251 39 799 234
-745 -858 126 -278 952
642 411 -936 -406 441
-939 -361 935 992 775
492 -152 414 700 -929
256 129 806 443 299
575 502 -128 -535 23
-217 997 -899 133 -829
153 -455 -618 393 -932
-135 -913 75 -489 917
15 852 -524 -82 -587
200 -668 -651 -629 -102
-8 -672 -588 -649 659
344 -833 928 119 223
502 -761 -583 -424 -717
674 -752 -21 -841 939
36 -436 -222 -801 732
973 -825 -42 -887 -648
-877 88 382 -104 253
-440 -292 -852 790 853
801 -107 56 -398 834
-63 -889 -597 -629 473
781 -252 -920 575 -487
-251 -264 200 -963 -956
-312 767 559 -68 -102
234 -105 326 413 -761
108 -721 90 -836 571
-983 680 -137 666 -852
-647 -768 155 -559 996
-49 -948 154 -787 348
810 -742 52 -970 -8
-541 102 -643 916 906
-238 9 -627 296 -714
-117 905 24 138 -374
588 -378 999 -810 -830
436 421 540 44 253
555 -839 753 -973 -6
-24 -227 -917 -138 -523
-822 384 -621 555 825
75 -778 -719 798 -241
-302 71 -11 -636 521
741 -902 711 206 -798
939 -96 -875 -256 965
126 415 451 910 -720
-233 177 48 -359 209
-964 390 -507 -203 928
-536 257 -575 -44 -562
-935 -69 -115 -776 -893
235 230 -984 -937 989
695 -520 -759 795 -807
-116 -748 -244 919 -587
-665 424 -567 -687 230
605 -31 -869 60 136
-120 268 369 -928 844
-556 77 56 505 724
300 433 18 305 -274
-886 478 374 -648 -58
-234 383 607 510 -559
753 -868 -938 -172 817
120 -14 -343 -916 -310
354 -765 190 -17 551
-264 -240 -570 -794 -585
-721 -514 288 777 -967
-767 -910 -553 -143 802
380 -146 -139 935 -969
754 582 -300 299 616
-770 -675 498 -301 -571
337 352 -757 25 -523
-897 67 626 318 757
-135 -11 381 -490 -908
857 314 -448 -731 -872
62 -694 396 580 471
-222 657 796 134 -294
421 198 -212 504 859
-931 68 585 -451 -64
619 891 386 -444 -283
-79 -763 -215 -912 -137
401 850 248 384 -400
-158 442 -624 -941 356
249 -28 117 274 -895
-638 -689 -161 237 -290
-440 -19 -257 -451 -690
-405 525 -802 618 -138
983 -674 779 -750 -369
519 -183 858 -576 -475
-774 -286 891 410 999
699 -847 633 40 -612
158 904 183 734 758
329 860 -73 918 -936
-99 42 158 -335 404
-164 823 161 290 139
-202 -712 507 367 -639
790 215 -690 11 -846
348 -608 877 965 549
[RUN #4 4 200]
-282 76 306 563
-991 514 711 -402
-522 414 -686 -835
513 -289 536 -113
-373 884 204 -790
687 843 620 -210
-968 -425 709 -270
-318 951 562 399
-766 -847 -466 337
-827 -698 -653 778
-103 1 107 153
368 821 -471 -760
713 620 314 533
385 228 750 736
-595 249 -303 -721
793 -365 -579 -704
322 524 352 -205
-442 973 -888 -923
-765 -81 559 -339
-983 391 -999 119
-995 448 -118 104
864 9 -111 908
-57 367 -698 935
529 -133 977 262
767 963 654 -801
127 212 703 -425
433 -945 204 -267
-689 611 326 638
-46 6 221 -709
-73 -946 561 -850
304 -189 -480 -557
428 46 -166 683
-36 -739 -645 -459
-556 804 -841 351
289 22 671 927
-831 -330 721 988
197 213 717 -122
458 -367 -532 -299
-67 -567 11 -369
452 949 -218 179
488 -384 -570 904
-751 -561 398 -228
-317 469 -631 474
-713 -381 -181 976
15 207 121 331
874 -62 297 885
676 981 683 155
469 392 606 -916
-383 478 -357 -257
50 -218 -348 437
547 200 -525 858
-310 189 948 796
21 414 -792 -479
559 902 -799 -414
-572 -232 354 -956
-404 643 51 885
268 -418 374 705
-62 72 381 -273
-810 291 740 629
886 223 184 622
918 -165 -483 992
911 -653 215 -400
759 -519 972 352
-492 592 -328 865
-834 168 -703 -709
-701 78 -472 509
73 -660 -539 774
-706 21 -772 -187
223 379 787 -698
-829 -412 -89 389
-961 357 -800 162
542 336 -290 -198
-743 644 818 482
-740 431 939 -714
-804 598 888 -90
-691 627 -942 -68
784 -401 760 -16
-424 -968 -82 617
71 971 577 -757
-466 788 798 -947
39 107 -210 140
42 376 -717 425
815 -177 217 -968
289 -497 585 -108
-812 236 308 572
561 -629 775 140
-836 109 -766 977
-517 -472 19 54
269 532 784 595
-455 584 -895 559
501 -770 -819 219
-228 -15 236 -737
460 784 385 440
-890 -741 -755 -437
329 768 -345 -316
540 -646 -565 -581
68 720 732 -919
927 577 -405 -770
321 598 -971 584
-630 -220 -237 653
-974 105 -27 71
41 -434 721 -136
-562 -95 488 -733
-633 883 -60 -929
484 796 159 434
458 616 -619 689
-675 -325 132 637
-986 823 300 -983
165 175 -147 -671
-169 418 961 -696
-132 908 464 -983
605 926 39 -986
-703 992 -144 -984
-951 -31 150 433
-173 -605 -215 -696
701 15 -677 698
-271 341 511 360
-388 -557 -800 -328
750 -36 -455 -531
190 641 928 493
488 -883 681 -142
-389 114 974 -447
878 -881 -429 -537
-696 156 -299 76
614 143 -414 -918
-132 983 520 -183
703 -220 -931 421
-255 773 13 503
-716 811 -546 -560
889 -280 237 -96
403 630 -912 120
166 -950 -584 896
-819 -919 247 -17
775 -1000 -554 133
909 505 -745 -175
978 -477 -86 -859
348 726 960 -941
455 -205 418 196
-13 -643 432 -395
136 -302 -692 -128
563 455 -223 211
384 709 -616 -631
413 748 817 764
888 9 -504 -85
858 -854 257 633
131 525 632 -670
156 721 246 560
243 -153 137 -876
290 422 -636 34
472 -826 -584 397
507 -205 -28 125
448 -317 929 -302
-174 -662 -852 -610
-848 -260 -193 384
-741 72 993 116
-619 36 -919 980
-492 556 875 171
-101 88 61 -343
-88 848 16 260
-32 -26 961 559
20 256 1 -829
-114 840 -668 661
21 -979 -742 -267
672 769 -58 674
164 -289 381 -32
262 -350 963 -411
263 955 798 -386
641 773 -744 -543
37 605 -524 955
-378 -993 21 239
-190 110 -220 -150
-582 -277 391 -969
610 464 875 -145
22 844 249 -814
103 441 -169 871
-49 225 188 576
-884 -93 32 98
966 -567 783 -796
-727 -748 291 -489
-896 432 789 837
398 -774 -372 103
451 -571 332 -723
-336 354 303 -959
-919 838 -21 -73
-383 907 -562 -579
422 378 -49 215
-324 768 488 921
-102 114 -843 37
-125 109 163 563
620 -910 84 143
-50 223 901 250
661 -732 828 -802
447 688 635 -384
-756 -916 766 362
-610 519 -384 330
-364 -159 -902 -884
932 244 567 -502
656 26 924 692
-846 41 -196 82
694 -456 -998 -96
